{"C:\\Users\\tiago\\treinamento\\javascript-modulo-back\\dia-1\\treinando-testes\\frontend\\src\\App.tsx": {"path":"C:\\Users\\tiago\\treinamento\\javascript-modulo-back\\dia-1\\treinando-testes\\frontend\\src\\App.tsx","all":false,"statementMap":{"0":{"start":{"line":1,"column":0},"end":{"line":1,"column":18}},"1":{"start":{"line":2,"column":0},"end":{"line":2,"column":48}},"2":{"start":{"line":3,"column":0},"end":{"line":3,"column":31}},"3":{"start":{"line":4,"column":0},"end":{"line":4,"column":45}},"5":{"start":{"line":6,"column":0},"end":{"line":6,"column":16}},"6":{"start":{"line":7,"column":0},"end":{"line":7,"column":10}},"7":{"start":{"line":8,"column":0},"end":{"line":8,"column":12}},"8":{"start":{"line":9,"column":0},"end":{"line":9,"column":43}},"9":{"start":{"line":10,"column":0},"end":{"line":10,"column":58}},"12":{"start":{"line":13,"column":0},"end":{"line":13,"column":1}},"14":{"start":{"line":15,"column":0},"end":{"line":15,"column":18}}},"s":{"0":1,"1":1,"2":1,"3":1,"5":4,"6":4,"7":4,"8":4,"9":4,"12":4,"14":1},"branchMap":{"0":{"type":"branch","line":6,"loc":{"start":{"line":6,"column":0},"end":{"line":13,"column":1}},"locations":[{"start":{"line":6,"column":0},"end":{"line":13,"column":1}}]}},"b":{"0":[4]},"fnMap":{"0":{"name":"App","decl":{"start":{"line":6,"column":0},"end":{"line":13,"column":1}},"loc":{"start":{"line":6,"column":0},"end":{"line":13,"column":1}},"line":6}},"f":{"0":4}}
,"C:\\Users\\tiago\\treinamento\\javascript-modulo-back\\dia-1\\treinando-testes\\frontend\\src\\pages\\Home.tsx": {"path":"C:\\Users\\tiago\\treinamento\\javascript-modulo-back\\dia-1\\treinando-testes\\frontend\\src\\pages\\Home.tsx","all":false,"statementMap":{"0":{"start":{"line":1,"column":0},"end":{"line":1,"column":43}},"1":{"start":{"line":2,"column":0},"end":{"line":2,"column":40}},"8":{"start":{"line":9,"column":0},"end":{"line":9,"column":17}},"9":{"start":{"line":10,"column":0},"end":{"line":10,"column":49}},"11":{"start":{"line":12,"column":0},"end":{"line":12,"column":19}},"12":{"start":{"line":13,"column":0},"end":{"line":13,"column":45}},"13":{"start":{"line":14,"column":0},"end":{"line":14,"column":39}},"14":{"start":{"line":15,"column":0},"end":{"line":15,"column":42}},"15":{"start":{"line":16,"column":0},"end":{"line":16,"column":37}},"16":{"start":{"line":17,"column":0},"end":{"line":17,"column":71}},"17":{"start":{"line":18,"column":0},"end":{"line":18,"column":9}},"19":{"start":{"line":20,"column":0},"end":{"line":20,"column":10}},"20":{"start":{"line":21,"column":0},"end":{"line":21,"column":9}},"21":{"start":{"line":22,"column":0},"end":{"line":22,"column":29}},"22":{"start":{"line":23,"column":0},"end":{"line":23,"column":10}},"23":{"start":{"line":24,"column":0},"end":{"line":24,"column":30}},"24":{"start":{"line":25,"column":0},"end":{"line":25,"column":27}},"25":{"start":{"line":26,"column":0},"end":{"line":26,"column":61}},"31":{"start":{"line":32,"column":0},"end":{"line":32,"column":1}},"33":{"start":{"line":34,"column":0},"end":{"line":34,"column":19}}},"s":{"0":1,"1":1,"8":6,"9":6,"11":6,"12":3,"13":3,"14":3,"15":3,"16":3,"17":6,"19":6,"20":6,"21":6,"22":6,"23":6,"24":6,"25":6,"31":6,"33":1},"branchMap":{"0":{"type":"branch","line":9,"loc":{"start":{"line":9,"column":0},"end":{"line":32,"column":1}},"locations":[{"start":{"line":9,"column":0},"end":{"line":32,"column":1}}]},"1":{"type":"branch","line":12,"loc":{"start":{"line":12,"column":12},"end":{"line":18,"column":5}},"locations":[{"start":{"line":12,"column":12},"end":{"line":18,"column":5}}]},"2":{"type":"branch","line":15,"loc":{"start":{"line":15,"column":12},"end":{"line":15,"column":42}},"locations":[{"start":{"line":15,"column":12},"end":{"line":15,"column":42}}]},"3":{"type":"branch","line":16,"loc":{"start":{"line":16,"column":12},"end":{"line":16,"column":37}},"locations":[{"start":{"line":16,"column":12},"end":{"line":16,"column":37}}]}},"b":{"0":[6],"1":[3],"2":[3],"3":[3]},"fnMap":{"0":{"name":"Home","decl":{"start":{"line":9,"column":0},"end":{"line":32,"column":1}},"loc":{"start":{"line":9,"column":0},"end":{"line":32,"column":1}},"line":9}},"f":{"0":6}}
,"C:\\Users\\tiago\\treinamento\\javascript-modulo-back\\dia-1\\treinando-testes\\frontend\\src\\pages\\TeamDetails.tsx": {"path":"C:\\Users\\tiago\\treinamento\\javascript-modulo-back\\dia-1\\treinando-testes\\frontend\\src\\pages\\TeamDetails.tsx","all":false,"statementMap":{"0":{"start":{"line":1,"column":0},"end":{"line":1,"column":43}},"1":{"start":{"line":2,"column":0},"end":{"line":2,"column":45}},"10":{"start":{"line":11,"column":0},"end":{"line":11,"column":24}},"11":{"start":{"line":12,"column":0},"end":{"line":12,"column":45}},"12":{"start":{"line":13,"column":0},"end":{"line":13,"column":54}},"14":{"start":{"line":15,"column":0},"end":{"line":15,"column":19}},"15":{"start":{"line":16,"column":0},"end":{"line":16,"column":45}},"16":{"start":{"line":17,"column":0},"end":{"line":17,"column":50}},"17":{"start":{"line":18,"column":0},"end":{"line":18,"column":42}},"18":{"start":{"line":19,"column":0},"end":{"line":19,"column":36}},"19":{"start":{"line":20,"column":0},"end":{"line":20,"column":82}},"20":{"start":{"line":21,"column":0},"end":{"line":21,"column":11}},"22":{"start":{"line":23,"column":0},"end":{"line":23,"column":10}},"23":{"start":{"line":24,"column":0},"end":{"line":24,"column":9}},"24":{"start":{"line":25,"column":0},"end":{"line":25,"column":15}},"25":{"start":{"line":26,"column":0},"end":{"line":26,"column":13}},"26":{"start":{"line":27,"column":0},"end":{"line":27,"column":30}},"27":{"start":{"line":28,"column":0},"end":{"line":28,"column":55}},"28":{"start":{"line":29,"column":0},"end":{"line":29,"column":37}},"31":{"start":{"line":32,"column":0},"end":{"line":32,"column":28}},"35":{"start":{"line":36,"column":0},"end":{"line":36,"column":1}},"37":{"start":{"line":38,"column":0},"end":{"line":38,"column":26}}},"s":{"0":1,"1":1,"10":2,"11":2,"12":2,"14":2,"15":1,"16":1,"17":1,"18":1,"19":1,"20":2,"22":2,"23":2,"24":2,"25":1,"26":1,"27":1,"28":1,"31":2,"35":2,"37":1},"branchMap":{"0":{"type":"branch","line":11,"loc":{"start":{"line":11,"column":0},"end":{"line":36,"column":1}},"locations":[{"start":{"line":11,"column":0},"end":{"line":36,"column":1}}]},"1":{"type":"branch","line":25,"loc":{"start":{"line":25,"column":7},"end":{"line":32,"column":9}},"locations":[{"start":{"line":25,"column":7},"end":{"line":32,"column":9}}]},"2":{"type":"branch","line":15,"loc":{"start":{"line":15,"column":12},"end":{"line":21,"column":5}},"locations":[{"start":{"line":15,"column":12},"end":{"line":21,"column":5}}]},"3":{"type":"branch","line":18,"loc":{"start":{"line":18,"column":12},"end":{"line":18,"column":42}},"locations":[{"start":{"line":18,"column":12},"end":{"line":18,"column":42}}]},"4":{"type":"branch","line":19,"loc":{"start":{"line":19,"column":12},"end":{"line":19,"column":36}},"locations":[{"start":{"line":19,"column":12},"end":{"line":19,"column":36}}]}},"b":{"0":[2],"1":[1],"2":[1],"3":[1],"4":[1]},"fnMap":{"0":{"name":"TeamDetails","decl":{"start":{"line":11,"column":0},"end":{"line":36,"column":1}},"loc":{"start":{"line":11,"column":0},"end":{"line":36,"column":1}},"line":11}},"f":{"0":2}}
,"C:\\Users\\tiago\\treinamento\\javascript-modulo-back\\dia-1\\treinando-testes\\frontend\\src\\tests\\App.test.tsx": {"path":"C:\\Users\\tiago\\treinamento\\javascript-modulo-back\\dia-1\\treinando-testes\\frontend\\src\\tests\\App.test.tsx","all":false,"statementMap":{"0":{"start":{"line":1,"column":0},"end":{"line":1,"column":28}},"1":{"start":{"line":2,"column":0},"end":{"line":2,"column":52}},"2":{"start":{"line":3,"column":0},"end":{"line":3,"column":56}},"3":{"start":{"line":4,"column":0},"end":{"line":4,"column":49}},"4":{"start":{"line":5,"column":0},"end":{"line":5,"column":25}},"5":{"start":{"line":6,"column":0},"end":{"line":6,"column":23}},"6":{"start":{"line":7,"column":0},"end":{"line":7,"column":41}},"8":{"start":{"line":9,"column":0},"end":{"line":9,"column":63}},"9":{"start":{"line":10,"column":0},"end":{"line":10,"column":22}},"10":{"start":{"line":11,"column":0},"end":{"line":11,"column":3}},"11":{"start":{"line":12,"column":0},"end":{"line":12,"column":16}},"12":{"start":{"line":13,"column":0},"end":{"line":13,"column":31}},"13":{"start":{"line":14,"column":0},"end":{"line":14,"column":4}},"14":{"start":{"line":15,"column":0},"end":{"line":15,"column":3}},"15":{"start":{"line":16,"column":0},"end":{"line":16,"column":16}},"16":{"start":{"line":17,"column":0},"end":{"line":17,"column":23}},"17":{"start":{"line":18,"column":0},"end":{"line":18,"column":3}},"18":{"start":{"line":19,"column":0},"end":{"line":19,"column":2}},"20":{"start":{"line":21,"column":0},"end":{"line":21,"column":18}},"21":{"start":{"line":22,"column":0},"end":{"line":22,"column":34}},"22":{"start":{"line":23,"column":0},"end":{"line":23,"column":28}},"23":{"start":{"line":24,"column":0},"end":{"line":24,"column":23}},"24":{"start":{"line":25,"column":0},"end":{"line":25,"column":14}},"25":{"start":{"line":26,"column":0},"end":{"line":26,"column":8}},"26":{"start":{"line":27,"column":0},"end":{"line":27,"column":2}},"28":{"start":{"line":29,"column":0},"end":{"line":29,"column":18}},"29":{"start":{"line":30,"column":0},"end":{"line":30,"column":65}},"30":{"start":{"line":31,"column":0},"end":{"line":31,"column":31}},"31":{"start":{"line":32,"column":0},"end":{"line":32,"column":30}},"32":{"start":{"line":33,"column":0},"end":{"line":33,"column":49}},"33":{"start":{"line":34,"column":0},"end":{"line":34,"column":21}},"34":{"start":{"line":35,"column":0},"end":{"line":35,"column":48}},"35":{"start":{"line":36,"column":0},"end":{"line":36,"column":30}},"36":{"start":{"line":37,"column":0},"end":{"line":37,"column":45}},"37":{"start":{"line":38,"column":0},"end":{"line":38,"column":21}},"38":{"start":{"line":39,"column":0},"end":{"line":39,"column":5}},"39":{"start":{"line":40,"column":0},"end":{"line":40,"column":5}},"40":{"start":{"line":41,"column":0},"end":{"line":41,"column":3}},"42":{"start":{"line":43,"column":0},"end":{"line":43,"column":17}},"43":{"start":{"line":44,"column":0},"end":{"line":44,"column":23}},"44":{"start":{"line":45,"column":0},"end":{"line":45,"column":3}},"46":{"start":{"line":47,"column":0},"end":{"line":47,"column":23}},"47":{"start":{"line":48,"column":0},"end":{"line":48,"column":34}},"48":{"start":{"line":49,"column":0},"end":{"line":49,"column":51}},"49":{"start":{"line":50,"column":0},"end":{"line":50,"column":39}},"50":{"start":{"line":51,"column":0},"end":{"line":51,"column":5}},"52":{"start":{"line":53,"column":0},"end":{"line":53,"column":48}},"53":{"start":{"line":54,"column":0},"end":{"line":54,"column":51}},"54":{"start":{"line":55,"column":0},"end":{"line":55,"column":73}},"55":{"start":{"line":56,"column":0},"end":{"line":56,"column":46}},"56":{"start":{"line":57,"column":0},"end":{"line":57,"column":33}},"57":{"start":{"line":58,"column":0},"end":{"line":58,"column":59}},"58":{"start":{"line":59,"column":0},"end":{"line":59,"column":5}},"60":{"start":{"line":61,"column":0},"end":{"line":61,"column":37}},"61":{"start":{"line":62,"column":0},"end":{"line":62,"column":51}},"63":{"start":{"line":64,"column":0},"end":{"line":64,"column":62}},"64":{"start":{"line":65,"column":0},"end":{"line":65,"column":32}},"65":{"start":{"line":66,"column":0},"end":{"line":66,"column":31}},"66":{"start":{"line":67,"column":0},"end":{"line":67,"column":55}},"67":{"start":{"line":68,"column":0},"end":{"line":68,"column":42}},"68":{"start":{"line":69,"column":0},"end":{"line":69,"column":46}},"69":{"start":{"line":70,"column":0},"end":{"line":70,"column":35}},"70":{"start":{"line":71,"column":0},"end":{"line":71,"column":5}},"71":{"start":{"line":72,"column":0},"end":{"line":72,"column":3}}},"s":{"0":1,"1":1,"2":1,"3":1,"4":1,"5":1,"6":1,"8":1,"9":1,"10":1,"11":1,"12":1,"13":1,"14":1,"15":1,"16":1,"17":1,"18":1,"20":1,"21":1,"22":1,"23":1,"24":1,"25":1,"26":1,"28":1,"29":3,"30":4,"31":3,"32":3,"33":3,"34":4,"35":1,"36":1,"37":1,"38":1,"39":4,"40":3,"42":1,"43":3,"44":3,"46":1,"47":1,"48":1,"49":1,"50":1,"52":1,"53":1,"54":1,"55":1,"56":1,"57":1,"58":1,"60":1,"61":1,"63":1,"64":1,"65":1,"66":1,"67":1,"68":1,"69":1,"70":1,"71":1},"branchMap":{"0":{"type":"branch","line":29,"loc":{"start":{"line":29,"column":11},"end":{"line":41,"column":3}},"locations":[{"start":{"line":29,"column":11},"end":{"line":41,"column":3}}]},"1":{"type":"branch","line":30,"loc":{"start":{"line":30,"column":47},"end":{"line":40,"column":5}},"locations":[{"start":{"line":30,"column":47},"end":{"line":40,"column":5}}]},"2":{"type":"branch","line":31,"loc":{"start":{"line":31,"column":30},"end":{"line":35,"column":11}},"locations":[{"start":{"line":31,"column":30},"end":{"line":35,"column":11}}]},"3":{"type":"branch","line":35,"loc":{"start":{"line":35,"column":4},"end":{"line":39,"column":5}},"locations":[{"start":{"line":35,"column":4},"end":{"line":39,"column":5}}]},"4":{"type":"branch","line":33,"loc":{"start":{"line":33,"column":14},"end":{"line":33,"column":49}},"locations":[{"start":{"line":33,"column":14},"end":{"line":33,"column":49}}]},"5":{"type":"branch","line":37,"loc":{"start":{"line":37,"column":14},"end":{"line":37,"column":45}},"locations":[{"start":{"line":37,"column":14},"end":{"line":37,"column":45}}]},"6":{"type":"branch","line":43,"loc":{"start":{"line":43,"column":10},"end":{"line":45,"column":3}},"locations":[{"start":{"line":43,"column":10},"end":{"line":45,"column":3}}]},"7":{"type":"branch","line":47,"loc":{"start":{"line":47,"column":16},"end":{"line":72,"column":3}},"locations":[{"start":{"line":47,"column":16},"end":{"line":72,"column":3}}]},"8":{"type":"branch","line":48,"loc":{"start":{"line":48,"column":27},"end":{"line":51,"column":5}},"locations":[{"start":{"line":48,"column":27},"end":{"line":51,"column":5}}]},"9":{"type":"branch","line":53,"loc":{"start":{"line":53,"column":35},"end":{"line":59,"column":5}},"locations":[{"start":{"line":53,"column":35},"end":{"line":59,"column":5}}]},"10":{"type":"branch","line":61,"loc":{"start":{"line":61,"column":24},"end":{"line":71,"column":5}},"locations":[{"start":{"line":61,"column":24},"end":{"line":71,"column":5}}]}},"b":{"0":[3],"1":[4],"2":[3],"3":[1],"4":[3],"5":[1],"6":[3],"7":[1],"8":[1],"9":[1],"10":[1]},"fnMap":{"0":{"name":"json","decl":{"start":{"line":33,"column":14},"end":{"line":33,"column":49}},"loc":{"start":{"line":33,"column":14},"end":{"line":33,"column":49}},"line":33},"1":{"name":"json","decl":{"start":{"line":37,"column":14},"end":{"line":37,"column":45}},"loc":{"start":{"line":37,"column":14},"end":{"line":37,"column":45}},"line":37}},"f":{"0":3,"1":1}}
}
